{"total": {"lines":{"total":455,"covered":368,"skipped":0,"pct":80.87},"statements":{"total":460,"covered":370,"skipped":0,"pct":80.43},"functions":{"total":82,"covered":58,"skipped":0,"pct":70.73},"branches":{"total":91,"covered":54,"skipped":0,"pct":59.34},"branchesTrue":{"total":0,"covered":0,"skipped":0,"pct":100}}
,"/Users/kellyko/cs329/jwt-pizza-service/src/config.js": {"lines":{"total":1,"covered":1,"skipped":0,"pct":100},"functions":{"total":0,"covered":0,"skipped":0,"pct":100},"statements":{"total":1,"covered":1,"skipped":0,"pct":100},"branches":{"total":0,"covered":0,"skipped":0,"pct":100}}
,"/Users/kellyko/cs329/jwt-pizza-service/src/endpointHelper.js": {"lines":{"total":5,"covered":3,"skipped":0,"pct":60},"functions":{"total":3,"covered":2,"skipped":0,"pct":66.66},"statements":{"total":6,"covered":4,"skipped":0,"pct":66.66},"branches":{"total":0,"covered":0,"skipped":0,"pct":100}}
,"/Users/kellyko/cs329/jwt-pizza-service/src/metrics.js": {"lines":{"total":86,"covered":40,"skipped":0,"pct":46.51},"functions":{"total":22,"covered":6,"skipped":0,"pct":27.27},"statements":{"total":86,"covered":40,"skipped":0,"pct":46.51},"branches":{"total":9,"covered":5,"skipped":0,"pct":55.55}}
,"/Users/kellyko/cs329/jwt-pizza-service/src/service.js": {"lines":{"total":33,"covered":27,"skipped":0,"pct":81.81},"functions":{"total":5,"covered":1,"skipped":0,"pct":20},"statements":{"total":33,"covered":27,"skipped":0,"pct":81.81},"branches":{"total":4,"covered":2,"skipped":0,"pct":50}}
,"/Users/kellyko/cs329/jwt-pizza-service/src/database/database.js": {"lines":{"total":186,"covered":168,"skipped":0,"pct":90.32},"functions":{"total":28,"covered":27,"skipped":0,"pct":96.42},"statements":{"total":187,"covered":168,"skipped":0,"pct":89.83},"branches":{"total":33,"covered":20,"skipped":0,"pct":60.6}}
,"/Users/kellyko/cs329/jwt-pizza-service/src/database/dbModel.js": {"lines":{"total":2,"covered":2,"skipped":0,"pct":100},"functions":{"total":0,"covered":0,"skipped":0,"pct":100},"statements":{"total":2,"covered":2,"skipped":0,"pct":100},"branches":{"total":0,"covered":0,"skipped":0,"pct":100}}
,"/Users/kellyko/cs329/jwt-pizza-service/src/model/model.js": {"lines":{"total":2,"covered":2,"skipped":0,"pct":100},"functions":{"total":0,"covered":0,"skipped":0,"pct":100},"statements":{"total":2,"covered":2,"skipped":0,"pct":100},"branches":{"total":0,"covered":0,"skipped":0,"pct":100}}
,"/Users/kellyko/cs329/jwt-pizza-service/src/routes/authRouter.js": {"lines":{"total":66,"covered":58,"skipped":0,"pct":87.87},"functions":{"total":11,"covered":11,"skipped":0,"pct":100},"statements":{"total":67,"covered":59,"skipped":0,"pct":88.05},"branches":{"total":23,"covered":15,"skipped":0,"pct":65.21}}
,"/Users/kellyko/cs329/jwt-pizza-service/src/routes/franchiseRouter.js": {"lines":{"total":40,"covered":36,"skipped":0,"pct":90},"functions":{"total":8,"covered":6,"skipped":0,"pct":75},"statements":{"total":42,"covered":36,"skipped":0,"pct":85.71},"branches":{"total":18,"covered":10,"skipped":0,"pct":55.55}}
,"/Users/kellyko/cs329/jwt-pizza-service/src/routes/orderRouter.js": {"lines":{"total":34,"covered":31,"skipped":0,"pct":91.17},"functions":{"total":5,"covered":5,"skipped":0,"pct":100},"statements":{"total":34,"covered":31,"skipped":0,"pct":91.17},"branches":{"total":4,"covered":2,"skipped":0,"pct":50}}
}
