{"total": {"lines":{"total":343,"covered":308,"skipped":0,"pct":89.79},"statements":{"total":349,"covered":311,"skipped":0,"pct":89.11},"functions":{"total":59,"covered":51,"skipped":0,"pct":86.44},"branches":{"total":78,"covered":47,"skipped":0,"pct":60.25},"branchesTrue":{"total":0,"covered":0,"skipped":0,"pct":100}}
,"/Users/kellyko/cs329/jwt-pizza-service/src/config.js": {"lines":{"total":1,"covered":1,"skipped":0,"pct":100},"functions":{"total":0,"covered":0,"skipped":0,"pct":100},"statements":{"total":1,"covered":1,"skipped":0,"pct":100},"branches":{"total":0,"covered":0,"skipped":0,"pct":100}}
,"/Users/kellyko/cs329/jwt-pizza-service/src/endpointHelper.js": {"lines":{"total":5,"covered":3,"skipped":0,"pct":60},"functions":{"total":3,"covered":2,"skipped":0,"pct":66.66},"statements":{"total":6,"covered":4,"skipped":0,"pct":66.66},"branches":{"total":0,"covered":0,"skipped":0,"pct":100}}
,"/Users/kellyko/cs329/jwt-pizza-service/src/service.js": {"lines":{"total":30,"covered":25,"skipped":0,"pct":83.33},"functions":{"total":5,"covered":1,"skipped":0,"pct":20},"statements":{"total":30,"covered":25,"skipped":0,"pct":83.33},"branches":{"total":4,"covered":2,"skipped":0,"pct":50}}
,"/Users/kellyko/cs329/jwt-pizza-service/src/database/database.js": {"lines":{"total":184,"covered":166,"skipped":0,"pct":90.21},"functions":{"total":28,"covered":27,"skipped":0,"pct":96.42},"statements":{"total":185,"covered":166,"skipped":0,"pct":89.72},"branches":{"total":33,"covered":20,"skipped":0,"pct":60.6}}
,"/Users/kellyko/cs329/jwt-pizza-service/src/database/dbModel.js": {"lines":{"total":2,"covered":2,"skipped":0,"pct":100},"functions":{"total":0,"covered":0,"skipped":0,"pct":100},"statements":{"total":2,"covered":2,"skipped":0,"pct":100},"branches":{"total":0,"covered":0,"skipped":0,"pct":100}}
,"/Users/kellyko/cs329/jwt-pizza-service/src/model/model.js": {"lines":{"total":2,"covered":2,"skipped":0,"pct":100},"functions":{"total":0,"covered":0,"skipped":0,"pct":100},"statements":{"total":2,"covered":2,"skipped":0,"pct":100},"branches":{"total":0,"covered":0,"skipped":0,"pct":100}}
,"/Users/kellyko/cs329/jwt-pizza-service/src/routes/authRouter.js": {"lines":{"total":53,"covered":49,"skipped":0,"pct":92.45},"functions":{"total":11,"covered":11,"skipped":0,"pct":100},"statements":{"total":55,"covered":51,"skipped":0,"pct":92.72},"branches":{"total":19,"covered":13,"skipped":0,"pct":68.42}}
,"/Users/kellyko/cs329/jwt-pizza-service/src/routes/franchiseRouter.js": {"lines":{"total":40,"covered":36,"skipped":0,"pct":90},"functions":{"total":8,"covered":6,"skipped":0,"pct":75},"statements":{"total":42,"covered":36,"skipped":0,"pct":85.71},"branches":{"total":18,"covered":10,"skipped":0,"pct":55.55}}
,"/Users/kellyko/cs329/jwt-pizza-service/src/routes/orderRouter.js": {"lines":{"total":26,"covered":24,"skipped":0,"pct":92.3},"functions":{"total":4,"covered":4,"skipped":0,"pct":100},"statements":{"total":26,"covered":24,"skipped":0,"pct":92.3},"branches":{"total":4,"covered":2,"skipped":0,"pct":50}}
}
